[debug] [2021-09-30T07:39:25.406Z] ----------------------------------------------------------------------
[debug] [2021-09-30T07:39:25.407Z] Command:       /Users/killuhwhal3/.nvm/versions/node/v16.4.2/bin/node /Users/killuhwhal3/.nvm/versions/node/v16.4.2/bin/firebase deploy
[debug] [2021-09-30T07:39:25.407Z] CLI Version:   9.18.0
[debug] [2021-09-30T07:39:25.407Z] Platform:      darwin
[debug] [2021-09-30T07:39:25.407Z] Node Version:  v16.4.2
[debug] [2021-09-30T07:39:25.408Z] Time:          Thu Sep 30 2021 00:39:25 GMT-0700 (Pacific Daylight Time)
[debug] [2021-09-30T07:39:25.408Z] ----------------------------------------------------------------------
[debug] 
[debug] [2021-09-30T07:39:25.432Z] > command requires scopes: ["email","openid","https://www.googleapis.com/auth/cloudplatformprojects.readonly","https://www.googleapis.com/auth/firebase","https://www.googleapis.com/auth/cloud-platform"]
[debug] [2021-09-30T07:39:25.432Z] > authorizing via signed-in user (tgfragservices@gmail.com)
[debug] [2021-09-30T07:39:25.432Z] [iam] checking project reportrr-918ff for permissions ["firebase.projects.get","firebasehosting.sites.update"]
[debug] [2021-09-30T07:39:25.433Z] >>> HTTP REQUEST POST https://cloudresourcemanager.googleapis.com/v1/projects/reportrr-918ff:testIamPermissions  
 {"permissions":["firebase.projects.get","firebasehosting.sites.update"]}
[debug] [2021-09-30T07:39:25.563Z] <<< HTTP RESPONSE 200 {"content-type":"application/json; charset=UTF-8","vary":"X-Origin, Referer, Origin,Accept-Encoding","date":"Thu, 30 Sep 2021 07:39:25 GMT","server":"ESF","cache-control":"private","x-xss-protection":"0","x-frame-options":"SAMEORIGIN","x-content-type-options":"nosniff","server-timing":"gfet4t7; dur=41","alt-svc":"h3=\":443\"; ma=2592000,h3-29=\":443\"; ma=2592000,h3-T051=\":443\"; ma=2592000,h3-Q050=\":443\"; ma=2592000,h3-Q046=\":443\"; ma=2592000,h3-Q043=\":443\"; ma=2592000,quic=\":443\"; ma=2592000; v=\"46,43\"","accept-ranges":"none","transfer-encoding":"chunked"}
[debug] [2021-09-30T07:39:25.564Z] > refreshing access token with scopes: []
[debug] [2021-09-30T07:39:25.564Z] >>> HTTP REQUEST POST https://www.googleapis.com/oauth2/v3/token  
 <request body omitted>
[debug] [2021-09-30T07:39:25.704Z] <<< HTTP RESPONSE 200 {"pragma":"no-cache","cache-control":"no-cache, no-store, max-age=0, must-revalidate","expires":"Mon, 01 Jan 1990 00:00:00 GMT","date":"Thu, 30 Sep 2021 07:39:25 GMT","content-type":"application/json; charset=utf-8","vary":"X-Origin, Referer, Origin,Accept-Encoding","server":"scaffolding on HTTPServer2","x-xss-protection":"0","x-frame-options":"SAMEORIGIN","x-content-type-options":"nosniff","alt-svc":"h3=\":443\"; ma=2592000,h3-29=\":443\"; ma=2592000,h3-T051=\":443\"; ma=2592000,h3-Q050=\":443\"; ma=2592000,h3-Q046=\":443\"; ma=2592000,h3-Q043=\":443\"; ma=2592000,quic=\":443\"; ma=2592000; v=\"46,43\"","accept-ranges":"none","transfer-encoding":"chunked"}
[debug] [2021-09-30T07:39:25.746Z] >>> [apiv2][query] GET https://firebase.googleapis.com/v1beta1/projects/reportrr-918ff [none]
[debug] [2021-09-30T07:39:25.962Z] <<< [apiv2][status] GET https://firebase.googleapis.com/v1beta1/projects/reportrr-918ff 200
[debug] [2021-09-30T07:39:25.963Z] <<< [apiv2][body] GET https://firebase.googleapis.com/v1beta1/projects/reportrr-918ff {"projectId":"reportrr-918ff","projectNumber":"165244702798","displayName":"Reportrr","name":"projects/reportrr-918ff","resources":{"hostingSite":"reportrr-918ff","storageBucket":"reportrr-918ff.appspot.com","locationId":"us-west2"},"state":"ACTIVE"}
[info] 
[info] === Deploying to 'reportrr-918ff'...
[info] 
[info] i  deploying hosting 
[debug] [2021-09-30T07:39:25.967Z] > refreshing access token with scopes: ["email","https://www.googleapis.com/auth/cloud-platform","https://www.googleapis.com/auth/cloudplatformprojects.readonly","https://www.googleapis.com/auth/firebase","openid"]
[debug] [2021-09-30T07:39:25.967Z] >>> HTTP REQUEST POST https://www.googleapis.com/oauth2/v3/token  
 <request body omitted>
[debug] [2021-09-30T07:39:26.100Z] <<< HTTP RESPONSE 200 {"pragma":"no-cache","date":"Thu, 30 Sep 2021 07:39:26 GMT","cache-control":"no-cache, no-store, max-age=0, must-revalidate","expires":"Mon, 01 Jan 1990 00:00:00 GMT","content-type":"application/json; charset=utf-8","vary":"X-Origin, Referer, Origin,Accept-Encoding","server":"scaffolding on HTTPServer2","x-xss-protection":"0","x-frame-options":"SAMEORIGIN","x-content-type-options":"nosniff","alt-svc":"h3=\":443\"; ma=2592000,h3-29=\":443\"; ma=2592000,h3-T051=\":443\"; ma=2592000,h3-Q050=\":443\"; ma=2592000,h3-Q046=\":443\"; ma=2592000,h3-Q043=\":443\"; ma=2592000,quic=\":443\"; ma=2592000; v=\"46,43\"","accept-ranges":"none","transfer-encoding":"chunked"}
[debug] [2021-09-30T07:39:26.144Z] >>> HTTP REQUEST POST https://firebasehosting.googleapis.com/v1beta1/sites/reportrr-918ff/versions  
 {"config":{"rewrites":[{"glob":"**","path":"/index.html"}]},"labels":{"deployment-tool":"cli-firebase"}}
[debug] [2021-09-30T07:39:26.965Z] <<< HTTP RESPONSE 200 {"content-type":"application/json; charset=UTF-8","vary":"X-Origin, Referer, Origin,Accept-Encoding","date":"Thu, 30 Sep 2021 07:39:26 GMT","server":"ESF","cache-control":"private","x-xss-protection":"0","x-frame-options":"SAMEORIGIN","x-content-type-options":"nosniff","alt-svc":"h3=\":443\"; ma=2592000,h3-29=\":443\"; ma=2592000,h3-T051=\":443\"; ma=2592000,h3-Q050=\":443\"; ma=2592000,h3-Q046=\":443\"; ma=2592000,h3-Q043=\":443\"; ma=2592000,quic=\":443\"; ma=2592000; v=\"46,43\"","accept-ranges":"none","transfer-encoding":"chunked"}
[info] i  hosting[reportrr-918ff]: beginning deploy... 
[info] i  hosting[reportrr-918ff]: found 21 files in build 
[debug] [2021-09-30T07:39:27.717Z] > refreshing access token with scopes: []
[debug] [2021-09-30T07:39:27.717Z] >>> HTTP REQUEST POST https://www.googleapis.com/oauth2/v3/token  
 <request body omitted>
[debug] [2021-09-30T07:39:27.717Z] [hosting] hash cache [YnVpbGQ] stored for 21 files
[debug] [2021-09-30T07:39:27.717Z] [hosting][hash queue][FINAL] {"max":730,"min":11,"avg":61.19047619047619,"active":0,"complete":21,"success":21,"errored":0,"retried":0,"total":21,"elapsed":736}
[debug] [2021-09-30T07:39:27.860Z] <<< HTTP RESPONSE 200 {"cache-control":"no-cache, no-store, max-age=0, must-revalidate","pragma":"no-cache","date":"Thu, 30 Sep 2021 07:39:27 GMT","expires":"Mon, 01 Jan 1990 00:00:00 GMT","content-type":"application/json; charset=utf-8","vary":"X-Origin, Referer, Origin,Accept-Encoding","server":"scaffolding on HTTPServer2","x-xss-protection":"0","x-frame-options":"SAMEORIGIN","x-content-type-options":"nosniff","alt-svc":"h3=\":443\"; ma=2592000,h3-29=\":443\"; ma=2592000,h3-T051=\":443\"; ma=2592000,h3-Q050=\":443\"; ma=2592000,h3-Q046=\":443\"; ma=2592000,h3-Q043=\":443\"; ma=2592000,quic=\":443\"; ma=2592000; v=\"46,43\"","accept-ranges":"none","transfer-encoding":"chunked"}
[debug] [2021-09-30T07:39:27.900Z] >>> [apiv2][query] POST https://firebasehosting.googleapis.com/v1beta1/sites/reportrr-918ff/versions/8c9cb3852589bc07:populateFiles [none]
[debug] [2021-09-30T07:39:27.901Z] >>> [apiv2][body] POST https://firebasehosting.googleapis.com/v1beta1/sites/reportrr-918ff/versions/8c9cb3852589bc07:populateFiles {"files":{"/asset-manifest.json":"91cdfc1172ba0854ea31d5a60af1d4b5fe8f14be4adc0eb8fe2c11c9c3187bae","/index.html":"69e22a5ebc8cbaa4590956977a71c347b9cc120b423b5142a7188e7e9fee4b77","/favicon.ico":"b72f7455f00e4e58792d2bca892abb068e2213838c0316d6b7a0d6d16acd1955","/manifest.json":"341d52628782f8ac9290bbfc43298afccb47b7cbfcee146ae30cf0f46bc30900","/static/css/main.85d743be.chunk.css":"da4f693d73a4ebbd6d327b43b4a0965a0f395b9a66c60658136ea49b72bbe995","/logo512.png":"191fc21360b4ccfb1cda11a1efb97f489ed22672ca83f4064316802bbfdd750e","/static/css/main.85d743be.chunk.css.map":"8a30682fe203d61f82636814b8ee0cd028e3e0b2803d13743a9b4c7e585a41fe","/logoWhite.jpg":"2a54a1090dcabe7129b1fe1a0979e95d0c315197faa75f607529541017d29cc7","/logo192.png":"caff018b7f1e8fd481eb1c50d75b0ef236bcd5078b1d15c8bb348453fee30293","/static/js/3.b282922d.chunk.js":"4c07b4e22430fc762d8aecc80eba09610a1d2a3f3d55385733facd46f0b3123c","/static/js/2.13f5e314.chunk.js.LICENSE.txt":"472e512bcc4f77dc98a8fbf2d40b4d6b77496a5c75b5b4caea7a61797d4c4bba","/static/js/3.b282922d.chunk.js.map":"acc13888b0108d0e580fda2591a99ca35ab519a3ade7bf54c673e8cdf89eeade","/static/js/runtime-main.323a2490.js":"22d3a9c45a770f39aaec8f1fc85da8fc9b28e4425a06a89e6d31b4aa9567bb26","/robots.txt":"391d14b3c2f8c9143a27a28c7399585142228d4d1bdbe2c87ac946de411fa9a2","/static/js/runtime-main.323a2490.js.map":"a447ce7ebf72f05f16eb90cf8578c7269b678f5cd875314642bbec4f6e322e0a","/fr_logo_alpha.png":"5b47124610346beb6d0cf250f5bf67bc09562480e4ebeb4993d4549895524a6d","/logoBlack.png":"05ff58e8cfb88aa732b489a7304d61341fb800a42596d541e1f5e19c3be2482d","/static/js/main.9d0811ce.chunk.js":"31c294fe614b681d00588f56de88f5f0ec9cee0d24dc91c4582c0a1077fa6994","/static/js/main.9d0811ce.chunk.js.map":"02920c8b036c23f2cbbc1a5e0486936029e6f9ba8e31899600239a6eb75d7afa","/static/js/2.13f5e314.chunk.js":"1cb97b83b97e8037faa19d110a7e0212b474b05826ea1763b835a21a6f334a53","/static/js/2.13f5e314.chunk.js.map":"d7d262768b328d23a0843fde78ce4da0a504a3f190ab536dabb9a61e5cff3727"}}
[debug] [2021-09-30T07:39:28.296Z] <<< [apiv2][status] POST https://firebasehosting.googleapis.com/v1beta1/sites/reportrr-918ff/versions/8c9cb3852589bc07:populateFiles 200
[debug] [2021-09-30T07:39:28.296Z] <<< [apiv2][body] POST https://firebasehosting.googleapis.com/v1beta1/sites/reportrr-918ff/versions/8c9cb3852589bc07:populateFiles {"uploadRequiredHashes":["91cdfc1172ba0854ea31d5a60af1d4b5fe8f14be4adc0eb8fe2c11c9c3187bae","69e22a5ebc8cbaa4590956977a71c347b9cc120b423b5142a7188e7e9fee4b77","31c294fe614b681d00588f56de88f5f0ec9cee0d24dc91c4582c0a1077fa6994","d7d262768b328d23a0843fde78ce4da0a504a3f190ab536dabb9a61e5cff3727","02920c8b036c23f2cbbc1a5e0486936029e6f9ba8e31899600239a6eb75d7afa","1cb97b83b97e8037faa19d110a7e0212b474b05826ea1763b835a21a6f334a53"],"uploadUrl":"https://upload-firebasehosting.googleapis.com/upload/sites/reportrr-918ff/versions/8c9cb3852589bc07/files"}
[debug] [2021-09-30T07:39:28.298Z] >>> [apiv2][query] POST https://upload-firebasehosting.googleapis.com/upload/sites/reportrr-918ff/versions/8c9cb3852589bc07/files/91cdfc1172ba0854ea31d5a60af1d4b5fe8f14be4adc0eb8fe2c11c9c3187bae [none]
[debug] [2021-09-30T07:39:28.298Z] >>> [apiv2][body] POST https://upload-firebasehosting.googleapis.com/upload/sites/reportrr-918ff/versions/8c9cb3852589bc07/files/91cdfc1172ba0854ea31d5a60af1d4b5fe8f14be4adc0eb8fe2c11c9c3187bae [stream]
[debug] [2021-09-30T07:39:28.299Z] >>> [apiv2][query] POST https://upload-firebasehosting.googleapis.com/upload/sites/reportrr-918ff/versions/8c9cb3852589bc07/files/69e22a5ebc8cbaa4590956977a71c347b9cc120b423b5142a7188e7e9fee4b77 [none]
[debug] [2021-09-30T07:39:28.300Z] >>> [apiv2][body] POST https://upload-firebasehosting.googleapis.com/upload/sites/reportrr-918ff/versions/8c9cb3852589bc07/files/69e22a5ebc8cbaa4590956977a71c347b9cc120b423b5142a7188e7e9fee4b77 [stream]
[debug] [2021-09-30T07:39:28.302Z] >>> [apiv2][query] POST https://upload-firebasehosting.googleapis.com/upload/sites/reportrr-918ff/versions/8c9cb3852589bc07/files/31c294fe614b681d00588f56de88f5f0ec9cee0d24dc91c4582c0a1077fa6994 [none]
[debug] [2021-09-30T07:39:28.302Z] >>> [apiv2][body] POST https://upload-firebasehosting.googleapis.com/upload/sites/reportrr-918ff/versions/8c9cb3852589bc07/files/31c294fe614b681d00588f56de88f5f0ec9cee0d24dc91c4582c0a1077fa6994 [stream]
[debug] [2021-09-30T07:39:28.303Z] >>> [apiv2][query] POST https://upload-firebasehosting.googleapis.com/upload/sites/reportrr-918ff/versions/8c9cb3852589bc07/files/d7d262768b328d23a0843fde78ce4da0a504a3f190ab536dabb9a61e5cff3727 [none]
[debug] [2021-09-30T07:39:28.303Z] >>> [apiv2][body] POST https://upload-firebasehosting.googleapis.com/upload/sites/reportrr-918ff/versions/8c9cb3852589bc07/files/d7d262768b328d23a0843fde78ce4da0a504a3f190ab536dabb9a61e5cff3727 [stream]
[debug] [2021-09-30T07:39:28.304Z] >>> [apiv2][query] POST https://upload-firebasehosting.googleapis.com/upload/sites/reportrr-918ff/versions/8c9cb3852589bc07/files/02920c8b036c23f2cbbc1a5e0486936029e6f9ba8e31899600239a6eb75d7afa [none]
[debug] [2021-09-30T07:39:28.305Z] >>> [apiv2][body] POST https://upload-firebasehosting.googleapis.com/upload/sites/reportrr-918ff/versions/8c9cb3852589bc07/files/02920c8b036c23f2cbbc1a5e0486936029e6f9ba8e31899600239a6eb75d7afa [stream]
[debug] [2021-09-30T07:39:28.306Z] >>> [apiv2][query] POST https://upload-firebasehosting.googleapis.com/upload/sites/reportrr-918ff/versions/8c9cb3852589bc07/files/1cb97b83b97e8037faa19d110a7e0212b474b05826ea1763b835a21a6f334a53 [none]
[debug] [2021-09-30T07:39:28.306Z] >>> [apiv2][body] POST https://upload-firebasehosting.googleapis.com/upload/sites/reportrr-918ff/versions/8c9cb3852589bc07/files/1cb97b83b97e8037faa19d110a7e0212b474b05826ea1763b835a21a6f334a53 [stream]
[debug] [2021-09-30T07:39:28.306Z] [hosting][populate queue][FINAL] {"max":582,"min":582,"avg":582,"active":0,"complete":1,"success":1,"errored":0,"retried":0,"total":1,"elapsed":590}
[debug] [2021-09-30T07:39:28.307Z] [hosting] uploads queued: 6
[debug] [2021-09-30T07:39:29.409Z] <<< [apiv2][status] POST https://upload-firebasehosting.googleapis.com/upload/sites/reportrr-918ff/versions/8c9cb3852589bc07/files/69e22a5ebc8cbaa4590956977a71c347b9cc120b423b5142a7188e7e9fee4b77 200
[debug] [2021-09-30T07:39:29.409Z] <<< [apiv2][body] POST https://upload-firebasehosting.googleapis.com/upload/sites/reportrr-918ff/versions/8c9cb3852589bc07/files/69e22a5ebc8cbaa4590956977a71c347b9cc120b423b5142a7188e7e9fee4b77 [stream]
[debug] [2021-09-30T07:39:29.488Z] <<< [apiv2][status] POST https://upload-firebasehosting.googleapis.com/upload/sites/reportrr-918ff/versions/8c9cb3852589bc07/files/91cdfc1172ba0854ea31d5a60af1d4b5fe8f14be4adc0eb8fe2c11c9c3187bae 200
[debug] [2021-09-30T07:39:29.488Z] <<< [apiv2][body] POST https://upload-firebasehosting.googleapis.com/upload/sites/reportrr-918ff/versions/8c9cb3852589bc07/files/91cdfc1172ba0854ea31d5a60af1d4b5fe8f14be4adc0eb8fe2c11c9c3187bae [stream]
[debug] [2021-09-30T07:39:29.794Z] <<< [apiv2][status] POST https://upload-firebasehosting.googleapis.com/upload/sites/reportrr-918ff/versions/8c9cb3852589bc07/files/31c294fe614b681d00588f56de88f5f0ec9cee0d24dc91c4582c0a1077fa6994 200
[debug] [2021-09-30T07:39:29.794Z] <<< [apiv2][body] POST https://upload-firebasehosting.googleapis.com/upload/sites/reportrr-918ff/versions/8c9cb3852589bc07/files/31c294fe614b681d00588f56de88f5f0ec9cee0d24dc91c4582c0a1077fa6994 [stream]
[debug] [2021-09-30T07:39:33.455Z] <<< [apiv2][status] POST https://upload-firebasehosting.googleapis.com/upload/sites/reportrr-918ff/versions/8c9cb3852589bc07/files/02920c8b036c23f2cbbc1a5e0486936029e6f9ba8e31899600239a6eb75d7afa 200
[debug] [2021-09-30T07:39:33.455Z] <<< [apiv2][body] POST https://upload-firebasehosting.googleapis.com/upload/sites/reportrr-918ff/versions/8c9cb3852589bc07/files/02920c8b036c23f2cbbc1a5e0486936029e6f9ba8e31899600239a6eb75d7afa [stream]
[debug] [2021-09-30T07:39:36.040Z] <<< [apiv2][status] POST https://upload-firebasehosting.googleapis.com/upload/sites/reportrr-918ff/versions/8c9cb3852589bc07/files/d7d262768b328d23a0843fde78ce4da0a504a3f190ab536dabb9a61e5cff3727 200
[debug] [2021-09-30T07:39:36.040Z] <<< [apiv2][body] POST https://upload-firebasehosting.googleapis.com/upload/sites/reportrr-918ff/versions/8c9cb3852589bc07/files/d7d262768b328d23a0843fde78ce4da0a504a3f190ab536dabb9a61e5cff3727 [stream]
[debug] [2021-09-30T07:39:36.489Z] <<< [apiv2][status] POST https://upload-firebasehosting.googleapis.com/upload/sites/reportrr-918ff/versions/8c9cb3852589bc07/files/1cb97b83b97e8037faa19d110a7e0212b474b05826ea1763b835a21a6f334a53 200
[debug] [2021-09-30T07:39:36.489Z] <<< [apiv2][body] POST https://upload-firebasehosting.googleapis.com/upload/sites/reportrr-918ff/versions/8c9cb3852589bc07/files/1cb97b83b97e8037faa19d110a7e0212b474b05826ea1763b835a21a6f334a53 [stream]
[debug] [2021-09-30T07:39:36.490Z] [hosting][upload queue][FINAL] {"max":8191,"min":1112,"avg":4148.666666666667,"active":0,"complete":6,"success":6,"errored":0,"retried":0,"total":6,"elapsed":8193}
[info] ✔  hosting[reportrr-918ff]: file upload complete 
[debug] [2021-09-30T07:39:36.491Z] [hosting] deploy completed after 9524ms
[debug] [2021-09-30T07:39:36.495Z] [
  {
    "config": {
      "public": "build",
      "ignore": [
        "firebase.json",
        "**/.*",
        "**/node_modules/**"
      ],
      "rewrites": [
        {
          "source": "**",
          "destination": "/index.html"
        }
      ],
      "site": "reportrr-918ff"
    },
    "site": "reportrr-918ff",
    "version": "sites/reportrr-918ff/versions/8c9cb3852589bc07"
  }
]
[info] i  hosting[reportrr-918ff]: finalizing version... 
[debug] [2021-09-30T07:39:36.496Z] > refreshing access token with scopes: ["email","https://www.googleapis.com/auth/cloud-platform","https://www.googleapis.com/auth/cloudplatformprojects.readonly","https://www.googleapis.com/auth/firebase","openid"]
[debug] [2021-09-30T07:39:36.497Z] >>> HTTP REQUEST POST https://www.googleapis.com/oauth2/v3/token  
 <request body omitted>
[debug] [2021-09-30T07:39:36.634Z] <<< HTTP RESPONSE 200 {"date":"Thu, 30 Sep 2021 07:39:36 GMT","cache-control":"no-cache, no-store, max-age=0, must-revalidate","expires":"Mon, 01 Jan 1990 00:00:00 GMT","pragma":"no-cache","content-type":"application/json; charset=utf-8","vary":"X-Origin, Referer, Origin,Accept-Encoding","server":"scaffolding on HTTPServer2","x-xss-protection":"0","x-frame-options":"SAMEORIGIN","x-content-type-options":"nosniff","alt-svc":"h3=\":443\"; ma=2592000,h3-29=\":443\"; ma=2592000,h3-T051=\":443\"; ma=2592000,h3-Q050=\":443\"; ma=2592000,h3-Q046=\":443\"; ma=2592000,h3-Q043=\":443\"; ma=2592000,quic=\":443\"; ma=2592000; v=\"46,43\"","accept-ranges":"none","transfer-encoding":"chunked"}
[debug] [2021-09-30T07:39:36.681Z] >>> HTTP REQUEST PATCH https://firebasehosting.googleapis.com/v1beta1/sites/reportrr-918ff/versions/8c9cb3852589bc07?updateMask=status  
 {"status":"FINALIZED"}
